\BOOKMARK [0][-]{chapter.1}{\376\377\0001\000\040\000F\000i\000l\000e\000\040\000I\000n\000d\000e\000x}{}% 1
\BOOKMARK [1][-]{section.1.1}{\376\377\0001\000.\0001\000\040\000F\000i\000l\000e\000\040\000L\000i\000s\000t}{chapter.1}% 2
\BOOKMARK [0][-]{chapter.2}{\376\377\0002\000\040\000F\000i\000l\000e\000\040\000D\000o\000c\000u\000m\000e\000n\000t\000a\000t\000i\000o\000n}{}% 3
\BOOKMARK [1][-]{section.2.1}{\376\377\0002\000.\0001\000\040\000m\000a\000i\000n\000.\000c\000\040\000F\000i\000l\000e\000\040\000R\000e\000f\000e\000r\000e\000n\000c\000e}{chapter.2}% 4
\BOOKMARK [2][-]{subsection.2.1.1}{\376\377\0002\000.\0001\000.\0001\000\040\000M\000a\000c\000r\000o\000\040\000D\000e\000f\000i\000n\000i\000t\000i\000o\000n\000\040\000D\000o\000c\000u\000m\000e\000n\000t\000a\000t\000i\000o\000n}{section.2.1}% 5
\BOOKMARK [3][-]{subsubsection.2.1.1.1}{\376\377\0002\000.\0001\000.\0001\000.\0001\000\040\000S\000I\000Z\000E}{subsection.2.1.1}% 6
\BOOKMARK [2][-]{subsection.2.1.2}{\376\377\0002\000.\0001\000.\0002\000\040\000F\000u\000n\000c\000t\000i\000o\000n\000\040\000D\000o\000c\000u\000m\000e\000n\000t\000a\000t\000i\000o\000n}{section.2.1}% 7
\BOOKMARK [3][-]{subsubsection.2.1.2.1}{\376\377\0002\000.\0001\000.\0002\000.\0001\000\040\000m\000a\000i\000n\000\050\000\051}{subsection.2.1.2}% 8
\BOOKMARK [3][-]{subsubsection.2.1.2.2}{\376\377\0002\000.\0001\000.\0002\000.\0002\000\040\000r\000u\000n\000\050\000\051}{subsection.2.1.2}% 9
\BOOKMARK [1][-]{section.2.2}{\376\377\0002\000.\0002\000\040\000u\000t\000i\000l\000s\000.\000c\000\040\000F\000i\000l\000e\000\040\000R\000e\000f\000e\000r\000e\000n\000c\000e}{chapter.2}% 10
\BOOKMARK [2][-]{subsection.2.2.1}{\376\377\0002\000.\0002\000.\0001\000\040\000F\000u\000n\000c\000t\000i\000o\000n\000\040\000D\000o\000c\000u\000m\000e\000n\000t\000a\000t\000i\000o\000n}{section.2.2}% 11
\BOOKMARK [3][-]{subsubsection.2.2.1.1}{\376\377\0002\000.\0002\000.\0001\000.\0001\000\040\000c\000h\000e\000c\000k\000C\000o\000o\000r\000d\000e\000n\000a\000t\000e\000\050\000\051}{subsection.2.2.1}% 12
\BOOKMARK [3][-]{subsubsection.2.2.1.2}{\376\377\0002\000.\0002\000.\0001\000.\0002\000\040\000c\000h\000e\000c\000k\000S\000h\000o\000t\000\050\000\051}{subsection.2.2.1}% 13
\BOOKMARK [3][-]{subsubsection.2.2.1.3}{\376\377\0002\000.\0002\000.\0001\000.\0003\000\040\000c\000h\000e\000c\000k\000T\000h\000r\000e\000s\000h\000o\000l\000d\000\050\000\051}{subsection.2.2.1}% 14
\BOOKMARK [3][-]{subsubsection.2.2.1.4}{\376\377\0002\000.\0002\000.\0001\000.\0004\000\040\000c\000l\000e\000a\000r\000S\000c\000r\000e\000e\000n\000\050\000\051}{subsection.2.2.1}% 15
\BOOKMARK [3][-]{subsubsection.2.2.1.5}{\376\377\0002\000.\0002\000.\0001\000.\0005\000\040\000d\000i\000r\000e\000c\000t\000i\000o\000n\000M\000e\000s\000s\000a\000g\000e\000\050\000\051}{subsection.2.2.1}% 16
\BOOKMARK [3][-]{subsubsection.2.2.1.6}{\376\377\0002\000.\0002\000.\0001\000.\0006\000\040\000d\000i\000s\000p\000l\000a\000y\000G\000a\000m\000e\000I\000n\000f\000o\000\050\000\051}{subsection.2.2.1}% 17
\BOOKMARK [3][-]{subsubsection.2.2.1.7}{\376\377\0002\000.\0002\000.\0001\000.\0007\000\040\000d\000i\000s\000p\000l\000a\000y\000G\000a\000m\000e\000P\000l\000a\000y\000e\000r\000\050\000\051}{subsection.2.2.1}% 18
\BOOKMARK [3][-]{subsubsection.2.2.1.8}{\376\377\0002\000.\0002\000.\0001\000.\0008\000\040\000g\000e\000t\000S\000h\000i\000p\000S\000i\000z\000e\000\050\000\051}{subsection.2.2.1}% 19
\BOOKMARK [3][-]{subsubsection.2.2.1.9}{\376\377\0002\000.\0002\000.\0001\000.\0009\000\040\000g\000i\000v\000e\000R\000a\000n\000d\000o\000m\000S\000h\000o\000t\000\050\000\051}{subsection.2.2.1}% 20
\BOOKMARK [3][-]{subsubsection.2.2.1.10}{\376\377\0002\000.\0002\000.\0001\000.\0001\0000\000\040\000g\000i\000v\000e\000S\000h\000o\000t\000\050\000\051}{subsection.2.2.1}% 21
\BOOKMARK [3][-]{subsubsection.2.2.1.11}{\376\377\0002\000.\0002\000.\0001\000.\0001\0001\000\040\000i\000n\000i\000t\000M\000a\000t\000r\000i\000x\000\050\000\051}{subsection.2.2.1}% 22
\BOOKMARK [3][-]{subsubsection.2.2.1.12}{\376\377\0002\000.\0002\000.\0001\000.\0001\0002\000\040\000i\000s\000E\000n\000d\000G\000a\000m\000e\000\050\000\051}{subsection.2.2.1}% 23
\BOOKMARK [3][-]{subsubsection.2.2.1.13}{\376\377\0002\000.\0002\000.\0001\000.\0001\0003\000\040\000p\000r\000i\000n\000t\000A\000b\000o\000u\000t\000\050\000\051}{subsection.2.2.1}% 24
\BOOKMARK [3][-]{subsubsection.2.2.1.14}{\376\377\0002\000.\0002\000.\0001\000.\0001\0004\000\040\000p\000r\000i\000n\000t\000A\000l\000i\000g\000n\000\050\000\051}{subsection.2.2.1}% 25
\BOOKMARK [3][-]{subsubsection.2.2.1.15}{\376\377\0002\000.\0002\000.\0001\000.\0001\0005\000\040\000p\000r\000i\000n\000t\000B\000a\000t\000t\000l\000e\000s\000h\000i\000p\000\050\000\051}{subsection.2.2.1}% 26
\BOOKMARK [3][-]{subsubsection.2.2.1.16}{\376\377\0002\000.\0002\000.\0001\000.\0001\0006\000\040\000p\000r\000i\000n\000t\000M\000e\000n\000u\0001\000\050\000\051}{subsection.2.2.1}% 27
\BOOKMARK [3][-]{subsubsection.2.2.1.17}{\376\377\0002\000.\0002\000.\0001\000.\0001\0007\000\040\000p\000r\000i\000n\000t\000M\000e\000n\000u\0002\000\050\000\051}{subsection.2.2.1}% 28
\BOOKMARK [3][-]{subsubsection.2.2.1.18}{\376\377\0002\000.\0002\000.\0001\000.\0001\0008\000\040\000p\000r\000i\000n\000t\000R\000e\000s\000u\000l\000t\000a\000d\000o\000s\000\050\000\051}{subsection.2.2.1}% 29
\BOOKMARK [3][-]{subsubsection.2.2.1.19}{\376\377\0002\000.\0002\000.\0001\000.\0001\0009\000\040\000p\000u\000t\000S\000h\000i\000p\000\050\000\051}{subsection.2.2.1}% 30
\BOOKMARK [3][-]{subsubsection.2.2.1.20}{\376\377\0002\000.\0002\000.\0001\000.\0002\0000\000\040\000p\000u\000t\000S\000h\000i\000p\000s\000\050\000\051}{subsection.2.2.1}% 31
\BOOKMARK [3][-]{subsubsection.2.2.1.21}{\376\377\0002\000.\0002\000.\0001\000.\0002\0001\000\040\000p\000u\000t\000S\000h\000i\000p\000s\000C\000O\000M\000\050\000\051}{subsection.2.2.1}% 32
\BOOKMARK [3][-]{subsubsection.2.2.1.22}{\376\377\0002\000.\0002\000.\0001\000.\0002\0002\000\040\000r\000e\000a\000d\000C\000o\000o\000r\000d\000e\000n\000a\000t\000e\000\050\000\051}{subsection.2.2.1}% 33
\BOOKMARK [3][-]{subsubsection.2.2.1.23}{\376\377\0002\000.\0002\000.\0001\000.\0002\0003\000\040\000s\000h\000i\000p\000N\000a\000m\000e\000\050\000\051}{subsection.2.2.1}% 34
\BOOKMARK [1][-]{section.2.3}{\376\377\0002\000.\0003\000\040\000u\000t\000i\000l\000s\000.\000h\000\040\000F\000i\000l\000e\000\040\000R\000e\000f\000e\000r\000e\000n\000c\000e}{chapter.2}% 35
\BOOKMARK [2][-]{subsection.2.3.1}{\376\377\0002\000.\0003\000.\0001\000\040\000F\000u\000n\000c\000t\000i\000o\000n\000\040\000D\000o\000c\000u\000m\000e\000n\000t\000a\000t\000i\000o\000n}{section.2.3}% 36
\BOOKMARK [3][-]{subsubsection.2.3.1.1}{\376\377\0002\000.\0003\000.\0001\000.\0001\000\040\000c\000h\000e\000c\000k\000C\000o\000o\000r\000d\000e\000n\000a\000t\000e\000\050\000\051}{subsection.2.3.1}% 37
\BOOKMARK [3][-]{subsubsection.2.3.1.2}{\376\377\0002\000.\0003\000.\0001\000.\0002\000\040\000c\000h\000e\000c\000k\000S\000h\000o\000t\000\050\000\051}{subsection.2.3.1}% 38
\BOOKMARK [3][-]{subsubsection.2.3.1.3}{\376\377\0002\000.\0003\000.\0001\000.\0003\000\040\000c\000h\000e\000c\000k\000T\000h\000r\000e\000s\000h\000o\000l\000d\000\050\000\051}{subsection.2.3.1}% 39
\BOOKMARK [3][-]{subsubsection.2.3.1.4}{\376\377\0002\000.\0003\000.\0001\000.\0004\000\040\000c\000l\000e\000a\000r\000S\000c\000r\000e\000e\000n\000\050\000\051}{subsection.2.3.1}% 40
\BOOKMARK [3][-]{subsubsection.2.3.1.5}{\376\377\0002\000.\0003\000.\0001\000.\0005\000\040\000d\000i\000r\000e\000c\000t\000i\000o\000n\000M\000e\000s\000s\000a\000g\000e\000\050\000\051}{subsection.2.3.1}% 41
\BOOKMARK [3][-]{subsubsection.2.3.1.6}{\376\377\0002\000.\0003\000.\0001\000.\0006\000\040\000d\000i\000s\000p\000l\000a\000y\000G\000a\000m\000e\000I\000n\000f\000o\000\050\000\051}{subsection.2.3.1}% 42
\BOOKMARK [3][-]{subsubsection.2.3.1.7}{\376\377\0002\000.\0003\000.\0001\000.\0007\000\040\000d\000i\000s\000p\000l\000a\000y\000G\000a\000m\000e\000P\000l\000a\000y\000e\000r\000\050\000\051}{subsection.2.3.1}% 43
\BOOKMARK [3][-]{subsubsection.2.3.1.8}{\376\377\0002\000.\0003\000.\0001\000.\0008\000\040\000g\000e\000t\000S\000h\000i\000p\000S\000i\000z\000e\000\050\000\051}{subsection.2.3.1}% 44
\BOOKMARK [3][-]{subsubsection.2.3.1.9}{\376\377\0002\000.\0003\000.\0001\000.\0009\000\040\000g\000i\000v\000e\000R\000a\000n\000d\000o\000m\000S\000h\000o\000t\000\050\000\051}{subsection.2.3.1}% 45
\BOOKMARK [3][-]{subsubsection.2.3.1.10}{\376\377\0002\000.\0003\000.\0001\000.\0001\0000\000\040\000g\000i\000v\000e\000S\000h\000o\000t\000\050\000\051}{subsection.2.3.1}% 46
\BOOKMARK [3][-]{subsubsection.2.3.1.11}{\376\377\0002\000.\0003\000.\0001\000.\0001\0001\000\040\000i\000n\000i\000t\000M\000a\000t\000r\000i\000x\000\050\000\051}{subsection.2.3.1}% 47
\BOOKMARK [3][-]{subsubsection.2.3.1.12}{\376\377\0002\000.\0003\000.\0001\000.\0001\0002\000\040\000i\000s\000E\000n\000d\000G\000a\000m\000e\000\050\000\051}{subsection.2.3.1}% 48
\BOOKMARK [3][-]{subsubsection.2.3.1.13}{\376\377\0002\000.\0003\000.\0001\000.\0001\0003\000\040\000p\000r\000i\000n\000t\000A\000b\000o\000u\000t\000\050\000\051}{subsection.2.3.1}% 49
\BOOKMARK [3][-]{subsubsection.2.3.1.14}{\376\377\0002\000.\0003\000.\0001\000.\0001\0004\000\040\000p\000r\000i\000n\000t\000A\000l\000i\000g\000n\000\050\000\051}{subsection.2.3.1}% 50
\BOOKMARK [3][-]{subsubsection.2.3.1.15}{\376\377\0002\000.\0003\000.\0001\000.\0001\0005\000\040\000p\000r\000i\000n\000t\000B\000a\000t\000t\000l\000e\000s\000h\000i\000p\000\050\000\051}{subsection.2.3.1}% 51
\BOOKMARK [3][-]{subsubsection.2.3.1.16}{\376\377\0002\000.\0003\000.\0001\000.\0001\0006\000\040\000p\000r\000i\000n\000t\000M\000e\000n\000u\0001\000\050\000\051}{subsection.2.3.1}% 52
\BOOKMARK [3][-]{subsubsection.2.3.1.17}{\376\377\0002\000.\0003\000.\0001\000.\0001\0007\000\040\000p\000r\000i\000n\000t\000M\000e\000n\000u\0002\000\050\000\051}{subsection.2.3.1}% 53
\BOOKMARK [3][-]{subsubsection.2.3.1.18}{\376\377\0002\000.\0003\000.\0001\000.\0001\0008\000\040\000p\000r\000i\000n\000t\000R\000e\000s\000u\000l\000t\000a\000d\000o\000s\000\050\000\051}{subsection.2.3.1}% 54
\BOOKMARK [3][-]{subsubsection.2.3.1.19}{\376\377\0002\000.\0003\000.\0001\000.\0001\0009\000\040\000p\000u\000t\000S\000h\000i\000p\000\050\000\051}{subsection.2.3.1}% 55
\BOOKMARK [3][-]{subsubsection.2.3.1.20}{\376\377\0002\000.\0003\000.\0001\000.\0002\0000\000\040\000p\000u\000t\000S\000h\000i\000p\000s\000\050\000\051}{subsection.2.3.1}% 56
\BOOKMARK [3][-]{subsubsection.2.3.1.21}{\376\377\0002\000.\0003\000.\0001\000.\0002\0001\000\040\000p\000u\000t\000S\000h\000i\000p\000s\000C\000O\000M\000\050\000\051}{subsection.2.3.1}% 57
\BOOKMARK [3][-]{subsubsection.2.3.1.22}{\376\377\0002\000.\0003\000.\0001\000.\0002\0002\000\040\000r\000e\000a\000d\000C\000o\000o\000r\000d\000e\000n\000a\000t\000e\000\050\000\051}{subsection.2.3.1}% 58
\BOOKMARK [3][-]{subsubsection.2.3.1.23}{\376\377\0002\000.\0003\000.\0001\000.\0002\0003\000\040\000s\000h\000i\000p\000N\000a\000m\000e\000\050\000\051}{subsection.2.3.1}% 59
\BOOKMARK [0][-]{section*.9}{\376\377\000I\000n\000d\000e\000x}{}% 60
